<?xml version="1.0" encoding="UTF-8"?>
<testng-results ignored="0" total="2" passed="2" failed="0" skipped="0">
  <reporter-output>
  </reporter-output>
  <suite started-at="2025-08-04T17:38:04 IST" name="Default suite" finished-at="2025-08-04T17:38:08 IST" duration-ms="3498">
    <groups>
    </groups>
    <test started-at="2025-08-04T17:38:04 IST" name="Default test" finished-at="2025-08-04T17:38:08 IST" duration-ms="3498">
      <class name="CreateAppointment.CreateLead">
        <test-method is-config="true" signature="setup()[pri:0, instance:CreateAppointment.CreateLead@5bf0d49]" started-at="2025-08-04T17:38:04 IST" name="setup" finished-at="2025-08-04T17:38:04 IST" duration-ms="84" status="PASS">
          <reporter-output>
          </reporter-output>
        </test-method> <!-- setup -->
        <test-method signature="createLead()[pri:1, instance:CreateAppointment.CreateLead@5bf0d49]" started-at="2025-08-04T17:38:04 IST" name="createLead" finished-at="2025-08-04T17:38:07 IST" duration-ms="2326" status="PASS">
          <reporter-output>
          </reporter-output>
        </test-method> <!-- createLead -->
        <test-method signature="bookAppointment()[pri:2, instance:CreateAppointment.CreateLead@5bf0d49]" started-at="2025-08-04T17:38:07 IST" name="bookAppointment" finished-at="2025-08-04T17:38:08 IST" duration-ms="1073" status="PASS">
          <reporter-output>
          </reporter-output>
        </test-method> <!-- bookAppointment -->
      </class> <!-- CreateAppointment.CreateLead -->
    </test> <!-- Default test -->
  </suite> <!-- Default suite -->
</testng-results>
