<?xml version="1.0" encoding="UTF-8"?>
<!-- Generated by org.testng.reporters.JUnitReportReporter -->
<testsuite hostname="35294s-MacBook-Pro.local" failures="0" tests="13" name="saurav1.ReasonManager" time="71.783" errors="0" timestamp="2024-04-04T11:54:44 IST" skipped="0">
  <testcase classname="saurav1.ReasonManager" name="AddChallanRejectionReason" time="10.874"/>
  <system-out/>
  <testcase classname="saurav1.ReasonManager" name="EditChallanRejectionReason" time="4.406"/>
  <system-out/>
  <testcase classname="saurav1.ReasonManager" name="DeleteChallanRejectionReason" time="4.279"/>
  <system-out/>
  <testcase classname="saurav1.ReasonManager" name="AddVerificationRejectionReason" time="6.190"/>
  <system-out/>
  <testcase classname="saurav1.ReasonManager" name="EditVerificationRejectionReason" time="4.223"/>
  <system-out/>
  <testcase classname="saurav1.ReasonManager" name="DeleteVerificationRejectionReason" time="4.255"/>
  <system-out/>
  <testcase classname="saurav1.ReasonManager" name="AddDelayReason" time="6.147"/>
  <system-out/>
  <testcase classname="saurav1.ReasonManager" name="EditDelayReason" time="4.263"/>
  <system-out/>
  <testcase classname="saurav1.ReasonManager" name="DeleteDelayReason" time="5.262"/>
  <system-out/>
  <testcase classname="saurav1.ReasonManager" name="AddUnableToFulfillReason" time="6.156"/>
  <system-out/>
  <testcase classname="saurav1.ReasonManager" name="EditUnableToFulfillReason" time="4.222"/>
  <system-out/>
  <testcase classname="saurav1.ReasonManager" name="DeleteUnableToFulfillReason" time="5.134"/>
  <system-out/>
  <testcase classname="saurav1.ReasonManager" name="AddOffenceType" time="6.372"/>
  <system-out/>
</testsuite> <!-- saurav1.ReasonManager -->
