<?xml version="1.0" encoding="UTF-8"?>
<!-- Generated by org.testng.reporters.JUnitReportReporter -->
<testsuite hostname="35294s-MacBook-Pro.local" failures="0" tests="7" name="saurav1.AdministratorView" time="19.231" errors="0" timestamp="2024-04-01T15:56:16 IST" skipped="6">
  <testcase classname="saurav1.AdministratorView" name="addAgent" time="19.231"/>
  <system-out/>
  <testcase classname="saurav1.AdministratorView" name="editCourt">
    <skipped/>
  </testcase> <!-- editCourt -->
  <system-out/>
  <testcase classname="saurav1.AdministratorView" name="deleteCourt">
    <skipped/>
  </testcase> <!-- deleteCourt -->
  <system-out/>
  <testcase classname="saurav1.AdministratorView" name="editRegion">
    <skipped/>
  </testcase> <!-- editRegion -->
  <system-out/>
  <testcase classname="saurav1.AdministratorView" name="AddCourtList">
    <skipped/>
  </testcase> <!-- AddCourtList -->
  <system-out/>
  <testcase classname="saurav1.AdministratorView" name="deleteRegion">
    <skipped/>
  </testcase> <!-- deleteRegion -->
  <system-out/>
  <testcase classname="saurav1.AdministratorView" name="AddRegion">
    <skipped/>
  </testcase> <!-- AddRegion -->
  <system-out/>
</testsuite> <!-- saurav1.AdministratorView -->
