<?xml version="1.0" encoding="UTF-8"?>
<!-- Generated by org.testng.reporters.JUnitReportReporter -->
<testsuite hostname="L-CSPL-IN-35294.local" failures="0" tests="2" name="CreateAppointment.CreateLead" time="3.399" errors="0" timestamp="2025-08-04T17:38:08 IST" skipped="0">
  <testcase classname="CreateAppointment.CreateLead" name="createLead" time="2.326"/>
  <testcase classname="CreateAppointment.CreateLead" name="bookAppointment" time="1.073"/>
</testsuite> <!-- CreateAppointment.CreateLead -->
