<?xml version="1.0" encoding="UTF-8"?>
<!-- Generated by org.testng.reporters.JUnitReportReporter -->
<testsuite hostname="L-CSPL-IN-35294.local" failures="0" tests="3" name="PlayWright.CreateLead.Create" time="48.392" errors="0" timestamp="2025-03-18T19:09:23 IST" skipped="0">
  <testcase classname="PlayWright.CreateLead.Create" name="nonloginMMVY" time="14.415"/>
  <testcase classname="PlayWright.CreateLead.Create" name="appointment" time="29.142"/>
  <testcase classname="PlayWright.CreateLead.Create" name="editLead" time="4.835"/>
</testsuite> <!-- PlayWright.CreateLead.Create -->
