<?xml version="1.0" encoding="UTF-8"?>
<!-- Generated by org.testng.reporters.JUnitXMLReporter -->
<testsuite ignored="0" hostname="L-CSPL-IN-35294.local" failures="1" tests="4" name="Default test" time="88.621" errors="0" timestamp="2025-07-28T13:34:00 IST">
  <testcase classname="PlayWright01.seller_TOF.CreateAppointment" name="createLead" time="25.108"/>
  <testcase classname="PlayWright01.seller_TOF.CreateAppointment" name="createAppointment" time="16.08"/>
  <testcase classname="PlayWright01.seller_TOF.CreateAppointment" name="rescheduleAppointment" time="2.813"/>
  <testcase classname="PlayWright01.seller_TOF.CreateAppointment" name="cancelAppointment" time="30.37">
    <failure type="com.microsoft.playwright.TimeoutError" message="Error {
  message=&amp;apos;Timeout 30000ms exceeded.
  name=&amp;apos;TimeoutError
  stack=&amp;apos;TimeoutError: Timeout 30000ms exceeded.
    at ProgressController.run (/private/var/folders/t1/ztxtf3p52dj1f84sjyvn6yy00000gn/T/playwright-java-17858309765510732710/package/lib/server/progress.js:75:26)
    at Frame.click (/private/var/folders/t1/ztxtf3p52dj1f84sjyvn6yy00000gn/T/playwright-java-17858309765510732710/package/lib/server/frames.js:1021:23)
    at FrameDispatcher.click (/private/var/folders/t1/ztxtf3p52dj1f84sjyvn6yy00000gn/T/playwright-java-17858309765510732710/package/lib/server/dispatchers/frameDispatcher.js:159:30)
    at FrameDispatcher._handleCommand (/private/var/folders/t1/ztxtf3p52dj1f84sjyvn6yy00000gn/T/playwright-java-17858309765510732710/package/lib/server/dispatchers/dispatcher.js:94:40)
    at DispatcherConnection.dispatch (/private/var/folders/t1/ztxtf3p52dj1f84sjyvn6yy00000gn/T/playwright-java-17858309765510732710/package/lib/server/dispatchers/dispatcher.js:361:39)
}
Call log:
-   - waiting for getByRole(AriaRole.BUTTON, new Page.GetByRoleOptions().setName(&amp;quot;Cancel booking&amp;quot;))
">
      <![CDATA[com.microsoft.playwright.TimeoutError: Error {
  message='Timeout 30000ms exceeded.
  name='TimeoutError
  stack='TimeoutError: Timeout 30000ms exceeded.
    at ProgressController.run (/private/var/folders/t1/ztxtf3p52dj1f84sjyvn6yy00000gn/T/playwright-java-17858309765510732710/package/lib/server/progress.js:75:26)
    at Frame.click (/private/var/folders/t1/ztxtf3p52dj1f84sjyvn6yy00000gn/T/playwright-java-17858309765510732710/package/lib/server/frames.js:1021:23)
    at FrameDispatcher.click (/private/var/folders/t1/ztxtf3p52dj1f84sjyvn6yy00000gn/T/playwright-java-17858309765510732710/package/lib/server/dispatchers/frameDispatcher.js:159:30)
    at FrameDispatcher._handleCommand (/private/var/folders/t1/ztxtf3p52dj1f84sjyvn6yy00000gn/T/playwright-java-17858309765510732710/package/lib/server/dispatchers/dispatcher.js:94:40)
    at DispatcherConnection.dispatch (/private/var/folders/t1/ztxtf3p52dj1f84sjyvn6yy00000gn/T/playwright-java-17858309765510732710/package/lib/server/dispatchers/dispatcher.js:361:39)
}
Call log:
-   - waiting for getByRole(AriaRole.BUTTON, new Page.GetByRoleOptions().setName("Cancel booking"))

at com.microsoft.playwright.impl.WaitableResult.get(WaitableResult.java:52)
at com.microsoft.playwright.impl.ChannelOwner.runUntil(ChannelOwner.java:132)
at com.microsoft.playwright.impl.Connection.sendMessage(Connection.java:130)
at com.microsoft.playwright.impl.ChannelOwner.sendMessage(ChannelOwner.java:118)
at com.microsoft.playwright.impl.FrameImpl.clickImpl(FrameImpl.java:252)
at com.microsoft.playwright.impl.FrameImpl.lambda$click$8(FrameImpl.java:243)
at com.microsoft.playwright.impl.LoggingSupport.lambda$withLogging$0(LoggingSupport.java:36)
at com.microsoft.playwright.impl.LoggingSupport.withLogging(LoggingSupport.java:47)
at com.microsoft.playwright.impl.ChannelOwner.withLogging(ChannelOwner.java:97)
at com.microsoft.playwright.impl.LoggingSupport.withLogging(LoggingSupport.java:35)
at com.microsoft.playwright.impl.FrameImpl.click(FrameImpl.java:243)
at com.microsoft.playwright.impl.LocatorImpl.click(LocatorImpl.java:175)
at com.microsoft.playwright.Locator.click(Locator.java:2493)
at PlayWright01.seller_TOF.CancelAppointmentPage.cancelAppointment(CancelAppointmentPage.java:25)
at PlayWright01.seller_TOF.CreateAppointment.cancelAppointment(CreateAppointment.java:133)
at java.base/jdk.internal.reflect.NativeMethodAccessorImpl.invoke0(Native Method)
at java.base/jdk.internal.reflect.NativeMethodAccessorImpl.invoke(NativeMethodAccessorImpl.java:77)
at java.base/jdk.internal.reflect.DelegatingMethodAccessorImpl.invoke(DelegatingMethodAccessorImpl.java:43)
at java.base/java.lang.reflect.Method.invoke(Method.java:568)
at org.testng.internal.invokers.MethodInvocationHelper.invokeMethod(MethodInvocationHelper.java:139)
at org.testng.internal.invokers.TestInvoker.invokeMethod(TestInvoker.java:664)
at org.testng.internal.invokers.TestInvoker.invokeTestMethod(TestInvoker.java:228)
at org.testng.internal.invokers.MethodRunner.runInSequence(MethodRunner.java:63)
at org.testng.internal.invokers.TestInvoker$MethodInvocationAgent.invoke(TestInvoker.java:961)
at org.testng.internal.invokers.TestInvoker.invokeTestMethods(TestInvoker.java:201)
at org.testng.internal.invokers.TestMethodWorker.invokeTestMethods(TestMethodWorker.java:148)
at org.testng.internal.invokers.TestMethodWorker.run(TestMethodWorker.java:128)
at java.base/java.util.ArrayList.forEach(ArrayList.java:1511)
at org.testng.TestRunner.privateRun(TestRunner.java:819)
at org.testng.TestRunner.run(TestRunner.java:619)
at org.testng.SuiteRunner.runTest(SuiteRunner.java:443)
at org.testng.SuiteRunner.runSequentially(SuiteRunner.java:437)
at org.testng.SuiteRunner.privateRun(SuiteRunner.java:397)
at org.testng.SuiteRunner.run(SuiteRunner.java:336)
at org.testng.SuiteRunnerWorker.runSuite(SuiteRunnerWorker.java:52)
at org.testng.SuiteRunnerWorker.run(SuiteRunnerWorker.java:95)
at org.testng.TestNG.runSuitesSequentially(TestNG.java:1301)
at org.testng.TestNG.runSuitesLocally(TestNG.java:1228)
at org.testng.TestNG.runSuites(TestNG.java:1134)
at org.testng.TestNG.run(TestNG.java:1101)
at org.testng.remote.AbstractRemoteTestNG.run(AbstractRemoteTestNG.java:115)
at org.testng.remote.RemoteTestNG.initAndRun(RemoteTestNG.java:251)
at org.testng.remote.RemoteTestNG.main(RemoteTestNG.java:77)
Caused by: com.microsoft.playwright.TimeoutError: Error {
  message='Timeout 30000ms exceeded.
  name='TimeoutError
  stack='TimeoutError: Timeout 30000ms exceeded.
    at ProgressController.run (/private/var/folders/t1/ztxtf3p52dj1f84sjyvn6yy00000gn/T/playwright-java-17858309765510732710/package/lib/server/progress.js:75:26)
    at Frame.click (/private/var/folders/t1/ztxtf3p52dj1f84sjyvn6yy00000gn/T/playwright-java-17858309765510732710/package/lib/server/frames.js:1021:23)
    at FrameDispatcher.click (/private/var/folders/t1/ztxtf3p52dj1f84sjyvn6yy00000gn/T/playwright-java-17858309765510732710/package/lib/server/dispatchers/frameDispatcher.js:159:30)
    at FrameDispatcher._handleCommand (/private/var/folders/t1/ztxtf3p52dj1f84sjyvn6yy00000gn/T/playwright-java-17858309765510732710/package/lib/server/dispatchers/dispatcher.js:94:40)
    at DispatcherConnection.dispatch (/private/var/folders/t1/ztxtf3p52dj1f84sjyvn6yy00000gn/T/playwright-java-17858309765510732710/package/lib/server/dispatchers/dispatcher.js:361:39)
}
Call log:
-   - waiting for getByRole(AriaRole.BUTTON, new Page.GetByRoleOptions().setName("Cancel booking"))

at com.microsoft.playwright.impl.Connection.dispatch(Connection.java:254)
at com.microsoft.playwright.impl.Connection.processOneMessage(Connection.java:211)
at com.microsoft.playwright.impl.ChannelOwner.runUntil(ChannelOwner.java:130)
... 41 more
]]>
    </failure>
  </testcase> <!-- cancelAppointment -->
</testsuite> <!-- Default test -->
