<?xml version="1.0" encoding="UTF-8"?>
<!-- Generated by org.testng.reporters.JUnitXMLReporter -->
<testsuite ignored="0" hostname="L-CSPL-IN-35294.local" failures="0" tests="4" name="Default test" time="74.188" errors="0" timestamp="2025-06-02T12:43:37 IST">
  <testcase classname="PlayWright01.seller_TOF.CreateAppointment" name="createLead" time="27.213"/>
  <testcase classname="PlayWright01.seller_TOF.CreateAppointment" name="createAppointment" time="24.251"/>
  <testcase classname="PlayWright01.seller_TOF.CreateAppointment" name="rescheduleAppointment" time="7.425"/>
  <testcase classname="PlayWright01.seller_TOF.CreateAppointment" name="cancelAppointment" time="1.277"/>
</testsuite> <!-- Default test -->
